[debug] [2025-09-03T13:10:24.580Z] ----------------------------------------------------------------------
[debug] [2025-09-03T13:10:24.582Z] Command:       C:\Program Files\nodejs\node.exe C:\Users\Emman\AppData\Roaming\npm\node_modules\firebase-tools\lib\bin\firebase.js deploy
[debug] [2025-09-03T13:10:24.583Z] CLI Version:   14.14.0
[debug] [2025-09-03T13:10:24.583Z] Platform:      win32
[debug] [2025-09-03T13:10:24.583Z] Node Version:  v22.13.0
[debug] [2025-09-03T13:10:24.583Z] Time:          Wed Sep 03 2025 21:10:24 GMT+0800 (Philippine Standard Time)
[debug] [2025-09-03T13:10:24.583Z] ----------------------------------------------------------------------
[debug] 
[debug] [2025-09-03T13:10:24.747Z] Field "/functions" in "firebase.json" is possibly invalid: must be object
[debug] [2025-09-03T13:10:24.748Z] Object "/functions/0" in "firebase.json" has unknown property: {"additionalProperty":"buildConfig"}
[debug] [2025-09-03T13:10:24.748Z] Field "/functions" in "firebase.json" is possibly invalid: must match a schema in anyOf
[debug] [2025-09-03T13:10:24.752Z] > command requires scopes: ["email","openid","https://www.googleapis.com/auth/cloudplatformprojects.readonly","https://www.googleapis.com/auth/firebase","https://www.googleapis.com/auth/cloud-platform"]
[debug] [2025-09-03T13:10:24.752Z] > authorizing via signed-in user (kwenturaproject@gmail.com)
[debug] [2025-09-03T13:10:24.752Z] [iam] checking project kwentura-39597 for permissions ["cloudfunctions.functions.create","cloudfunctions.functions.delete","cloudfunctions.functions.get","cloudfunctions.functions.list","cloudfunctions.functions.update","cloudfunctions.operations.get","datastore.indexes.create","datastore.indexes.delete","datastore.indexes.list","datastore.indexes.update","firebase.projects.get","firebasehosting.sites.update","firebaserules.releases.create","firebaserules.releases.update","firebaserules.rulesets.create"]
[debug] [2025-09-03T13:10:24.753Z] Checked if tokens are valid: true, expires at: 1756905998339
[debug] [2025-09-03T13:10:24.753Z] Checked if tokens are valid: true, expires at: 1756905998339
[debug] [2025-09-03T13:10:24.754Z] >>> [apiv2][query] POST https://cloudresourcemanager.googleapis.com/v1/projects/kwentura-39597:testIamPermissions [none]
[debug] [2025-09-03T13:10:24.754Z] >>> [apiv2][(partial)header] POST https://cloudresourcemanager.googleapis.com/v1/projects/kwentura-39597:testIamPermissions x-goog-quota-user=projects/kwentura-39597
[debug] [2025-09-03T13:10:24.754Z] >>> [apiv2][body] POST https://cloudresourcemanager.googleapis.com/v1/projects/kwentura-39597:testIamPermissions {"permissions":["cloudfunctions.functions.create","cloudfunctions.functions.delete","cloudfunctions.functions.get","cloudfunctions.functions.list","cloudfunctions.functions.update","cloudfunctions.operations.get","datastore.indexes.create","datastore.indexes.delete","datastore.indexes.list","datastore.indexes.update","firebase.projects.get","firebasehosting.sites.update","firebaserules.releases.create","firebaserules.releases.update","firebaserules.rulesets.create"]}
[debug] [2025-09-03T13:10:25.656Z] <<< [apiv2][status] POST https://cloudresourcemanager.googleapis.com/v1/projects/kwentura-39597:testIamPermissions 200
[debug] [2025-09-03T13:10:25.656Z] <<< [apiv2][body] POST https://cloudresourcemanager.googleapis.com/v1/projects/kwentura-39597:testIamPermissions {"permissions":["cloudfunctions.functions.create","cloudfunctions.functions.delete","cloudfunctions.functions.get","cloudfunctions.functions.list","cloudfunctions.functions.update","cloudfunctions.operations.get","datastore.indexes.create","datastore.indexes.delete","datastore.indexes.list","datastore.indexes.update","firebase.projects.get","firebasehosting.sites.update","firebaserules.releases.create","firebaserules.releases.update","firebaserules.rulesets.create"]}
[debug] [2025-09-03T13:10:25.656Z] Checked if tokens are valid: true, expires at: 1756905998339
[debug] [2025-09-03T13:10:25.656Z] Checked if tokens are valid: true, expires at: 1756905998339
[debug] [2025-09-03T13:10:25.656Z] >>> [apiv2][query] POST https://iam.googleapis.com/v1/projects/kwentura-39597/serviceAccounts/kwentura-39597@appspot.gserviceaccount.com:testIamPermissions [none]
[debug] [2025-09-03T13:10:25.656Z] >>> [apiv2][body] POST https://iam.googleapis.com/v1/projects/kwentura-39597/serviceAccounts/kwentura-39597@appspot.gserviceaccount.com:testIamPermissions {"permissions":["iam.serviceAccounts.actAs"]}
[debug] [2025-09-03T13:10:26.770Z] <<< [apiv2][status] POST https://iam.googleapis.com/v1/projects/kwentura-39597/serviceAccounts/kwentura-39597@appspot.gserviceaccount.com:testIamPermissions 200
[debug] [2025-09-03T13:10:26.770Z] <<< [apiv2][body] POST https://iam.googleapis.com/v1/projects/kwentura-39597/serviceAccounts/kwentura-39597@appspot.gserviceaccount.com:testIamPermissions {"permissions":["iam.serviceAccounts.actAs"]}
[debug] [2025-09-03T13:10:26.770Z] Checked if tokens are valid: true, expires at: 1756905998339
[debug] [2025-09-03T13:10:26.770Z] Checked if tokens are valid: true, expires at: 1756905998339
[debug] [2025-09-03T13:10:26.770Z] >>> [apiv2][query] GET https://firebase.googleapis.com/v1beta1/projects/kwentura-39597 [none]
[debug] [2025-09-03T13:10:27.074Z] <<< [apiv2][status] GET https://firebase.googleapis.com/v1beta1/projects/kwentura-39597 200
[debug] [2025-09-03T13:10:27.075Z] <<< [apiv2][body] GET https://firebase.googleapis.com/v1beta1/projects/kwentura-39597 {"projectId":"kwentura-39597","projectNumber":"516248841412","displayName":"Kwentura","name":"projects/kwentura-39597","resources":{"hostingSite":"kwentura-39597"},"state":"ACTIVE","etag":"1_25ee8166-49a8-4ba0-9abd-84d38ccb5713"}
[info] 
[info] === Deploying to 'kwentura-39597'...
[info] 
[info] i  deploying storage, firestore, functions, hosting 
[info] Running command: npm --prefix "$RESOURCE_DIR" run lint
[info] +  functions: Finished running predeploy script. 
[info] i  storage: ensuring required API firebasestorage.googleapis.com is enabled... 
[debug] [2025-09-03T13:10:28.166Z] Checked if tokens are valid: true, expires at: 1756905998339
[debug] [2025-09-03T13:10:28.167Z] Checked if tokens are valid: true, expires at: 1756905998339
[debug] [2025-09-03T13:10:28.167Z] >>> [apiv2][query] GET https://firebasestorage.googleapis.com/v1alpha/projects/kwentura-39597/defaultBucket [none]
[debug] [2025-09-03T13:10:29.069Z] <<< [apiv2][status] GET https://firebasestorage.googleapis.com/v1alpha/projects/kwentura-39597/defaultBucket 200
[debug] [2025-09-03T13:10:29.069Z] <<< [apiv2][body] GET https://firebasestorage.googleapis.com/v1alpha/projects/kwentura-39597/defaultBucket {"name":"projects/kwentura-39597/defaultBucket","location":"US-WEST1","bucket":{"name":"projects/kwentura-39597/buckets/kwentura-39597.firebasestorage.app"},"storageClass":"REGIONAL"}
[info] i  firebase.storage: checking storage.rules for compilation errors... 
[debug] [2025-09-03T13:10:29.070Z] Checked if tokens are valid: true, expires at: 1756905998339
[debug] [2025-09-03T13:10:29.070Z] Checked if tokens are valid: true, expires at: 1756905998339
[debug] [2025-09-03T13:10:29.070Z] >>> [apiv2][query] POST https://firebaserules.googleapis.com/v1/projects/kwentura-39597:test [none]
[debug] [2025-09-03T13:10:29.070Z] >>> [apiv2][body] POST https://firebaserules.googleapis.com/v1/projects/kwentura-39597:test [omitted]
[debug] [2025-09-03T13:10:30.113Z] <<< [apiv2][status] POST https://firebaserules.googleapis.com/v1/projects/kwentura-39597:test 200
[debug] [2025-09-03T13:10:30.113Z] <<< [apiv2][body] POST https://firebaserules.googleapis.com/v1/projects/kwentura-39597:test {}
[info] +  firebase.storage: rules file storage.rules compiled successfully 
[info] i  firestore: reading indexes from firestore.indexes.json... 
[info] i  cloud.firestore: checking firestore.rules for compilation errors... 
[debug] [2025-09-03T13:10:30.115Z] Checked if tokens are valid: true, expires at: 1756905998339
[debug] [2025-09-03T13:10:30.115Z] Checked if tokens are valid: true, expires at: 1756905998339
[debug] [2025-09-03T13:10:30.115Z] >>> [apiv2][query] POST https://firebaserules.googleapis.com/v1/projects/kwentura-39597:test [none]
[debug] [2025-09-03T13:10:30.115Z] >>> [apiv2][body] POST https://firebaserules.googleapis.com/v1/projects/kwentura-39597:test [omitted]
